<?xml version="1.0" encoding="UTF-8"?>
<!-- Generated by org.testng.reporters.JUnitReportReporter -->
<testsuite hostname="LAPTOP-9NF5N62B" failures="0" tests="1" name="testcases.logintestcases" time="59.563" errors="0" timestamp="2021-03-03T11:19:05 IST" skipped="0">
  <testcase classname="testcases.logintestcases" name="CHEBIZZ" time="59.563"/>
  <system-out/>
</testsuite> <!-- testcases.logintestcases -->
